Started GET "/secret_number" for 127.0.0.1 at 2019-01-15 10:22:16 +1100
  
ActionController::RoutingError (No route matches [GET] "/secret_number"):
  
actionpack (5.2.2) lib/action_dispatch/middleware/debug_exceptions.rb:65:in `call'
web-console (3.7.0) lib/web_console/middleware.rb:135:in `call_app'
web-console (3.7.0) lib/web_console/middleware.rb:30:in `block in call'
web-console (3.7.0) lib/web_console/middleware.rb:20:in `catch'
web-console (3.7.0) lib/web_console/middleware.rb:20:in `call'
actionpack (5.2.2) lib/action_dispatch/middleware/show_exceptions.rb:33:in `call'
railties (5.2.2) lib/rails/rack/logger.rb:38:in `call_app'
railties (5.2.2) lib/rails/rack/logger.rb:26:in `block in call'
activesupport (5.2.2) lib/active_support/tagged_logging.rb:71:in `block in tagged'
activesupport (5.2.2) lib/active_support/tagged_logging.rb:28:in `tagged'
activesupport (5.2.2) lib/active_support/tagged_logging.rb:71:in `tagged'
railties (5.2.2) lib/rails/rack/logger.rb:26:in `call'
sprockets-rails (3.2.1) lib/sprockets/rails/quiet_assets.rb:13:in `call'
actionpack (5.2.2) lib/action_dispatch/middleware/remote_ip.rb:81:in `call'
actionpack (5.2.2) lib/action_dispatch/middleware/request_id.rb:27:in `call'
rack (2.0.6) lib/rack/method_override.rb:22:in `call'
rack (2.0.6) lib/rack/runtime.rb:22:in `call'
activesupport (5.2.2) lib/active_support/cache/strategy/local_cache_middleware.rb:29:in `call'
actionpack (5.2.2) lib/action_dispatch/middleware/executor.rb:14:in `call'
actionpack (5.2.2) lib/action_dispatch/middleware/static.rb:127:in `call'
rack (2.0.6) lib/rack/sendfile.rb:111:in `call'
railties (5.2.2) lib/rails/engine.rb:524:in `call'
puma (3.12.0) lib/puma/configuration.rb:225:in `call'
puma (3.12.0) lib/puma/server.rb:658:in `handle_request'
puma (3.12.0) lib/puma/server.rb:472:in `process_client'
puma (3.12.0) lib/puma/server.rb:332:in `block in run'
puma (3.12.0) lib/puma/thread_pool.rb:133:in `block in spawn_thread'
Started GET "/" for 127.0.0.1 at 2019-01-15 10:29:44 +1100
Processing by PagesController#home as HTML
  Rendering pages/home.html.erb within layouts/application
  Rendered pages/home.html.erb within layouts/application (0.7ms)
Completed 200 OK in 566ms (Views: 564.2ms | ActiveRecord: 0.0ms)


Started GET "/" for 127.0.0.1 at 2019-01-15 10:30:11 +1100
Processing by PagesController#home as HTML
  Rendering pages/home.html.erb within layouts/application
  Rendered pages/home.html.erb within layouts/application (1.3ms)
Completed 200 OK in 49ms (Views: 39.2ms | ActiveRecord: 0.0ms)


Started GET "/" for 127.0.0.1 at 2019-01-15 10:32:02 +1100
Processing by PagesController#home as HTML
  Rendering pages/home.html.erb within layouts/application
  Rendered pages/home.html.erb within layouts/application (0.7ms)
Completed 200 OK in 53ms (Views: 49.0ms | ActiveRecord: 0.0ms)


Started GET "/number" for 127.0.0.1 at 2019-01-15 10:34:20 +1100
  
ActionController::RoutingError (No route matches [GET] "/number"):
  
actionpack (5.2.2) lib/action_dispatch/middleware/debug_exceptions.rb:65:in `call'
web-console (3.7.0) lib/web_console/middleware.rb:135:in `call_app'
web-console (3.7.0) lib/web_console/middleware.rb:30:in `block in call'
web-console (3.7.0) lib/web_console/middleware.rb:20:in `catch'
web-console (3.7.0) lib/web_console/middleware.rb:20:in `call'
actionpack (5.2.2) lib/action_dispatch/middleware/show_exceptions.rb:33:in `call'
railties (5.2.2) lib/rails/rack/logger.rb:38:in `call_app'
railties (5.2.2) lib/rails/rack/logger.rb:26:in `block in call'
activesupport (5.2.2) lib/active_support/tagged_logging.rb:71:in `block in tagged'
activesupport (5.2.2) lib/active_support/tagged_logging.rb:28:in `tagged'
activesupport (5.2.2) lib/active_support/tagged_logging.rb:71:in `tagged'
railties (5.2.2) lib/rails/rack/logger.rb:26:in `call'
sprockets-rails (3.2.1) lib/sprockets/rails/quiet_assets.rb:13:in `call'
actionpack (5.2.2) lib/action_dispatch/middleware/remote_ip.rb:81:in `call'
actionpack (5.2.2) lib/action_dispatch/middleware/request_id.rb:27:in `call'
rack (2.0.6) lib/rack/method_override.rb:22:in `call'
rack (2.0.6) lib/rack/runtime.rb:22:in `call'
activesupport (5.2.2) lib/active_support/cache/strategy/local_cache_middleware.rb:29:in `call'
actionpack (5.2.2) lib/action_dispatch/middleware/executor.rb:14:in `call'
actionpack (5.2.2) lib/action_dispatch/middleware/static.rb:127:in `call'
rack (2.0.6) lib/rack/sendfile.rb:111:in `call'
railties (5.2.2) lib/rails/engine.rb:524:in `call'
puma (3.12.0) lib/puma/configuration.rb:225:in `call'
puma (3.12.0) lib/puma/server.rb:658:in `handle_request'
puma (3.12.0) lib/puma/server.rb:472:in `process_client'
puma (3.12.0) lib/puma/server.rb:332:in `block in run'
puma (3.12.0) lib/puma/thread_pool.rb:133:in `block in spawn_thread'
Started GET "/numbers" for 127.0.0.1 at 2019-01-15 10:34:23 +1100
Processing by PagesController#numbers as HTML
  Rendering pages/numbers.html.erb within layouts/application
  Rendered pages/numbers.html.erb within layouts/application (0.6ms)
Completed 200 OK in 54ms (Views: 50.3ms | ActiveRecord: 0.0ms)


Started GET "/numbers" for 127.0.0.1 at 2019-01-15 10:35:08 +1100
Processing by PagesController#numbers as HTML
  Rendering pages/numbers.html.erb within layouts/application
  Rendered pages/numbers.html.erb within layouts/application (77.7ms)
Completed 200 OK in 120ms (Views: 115.8ms | ActiveRecord: 0.0ms)


Started GET "/numbers" for 127.0.0.1 at 2019-01-15 10:36:12 +1100
Processing by PagesController#numbers as HTML
  Rendering pages/numbers.html.erb within layouts/application
  Rendered pages/numbers.html.erb within layouts/application (2.6ms)
Completed 200 OK in 53ms (Views: 47.3ms | ActiveRecord: 0.0ms)


Started GET "/numbers" for 127.0.0.1 at 2019-01-15 10:36:45 +1100
Processing by PagesController#numbers as HTML
  Rendering pages/numbers.html.erb within layouts/application
  Rendered pages/numbers.html.erb within layouts/application (0.8ms)
Completed 200 OK in 33ms (Views: 29.5ms | ActiveRecord: 0.0ms)


Started GET "/numbers" for 127.0.0.1 at 2019-01-15 10:37:02 +1100
Processing by PagesController#numbers as HTML
  Rendering pages/numbers.html.erb within layouts/application
  Rendered pages/numbers.html.erb within layouts/application (22.1ms)
Completed 200 OK in 60ms (Views: 55.9ms | ActiveRecord: 0.0ms)


Started GET "/numbers" for 127.0.0.1 at 2019-01-15 10:39:46 +1100
Processing by PagesController#numbers as HTML
  Rendering pages/numbers.html.erb within layouts/application
  Rendered pages/numbers.html.erb within layouts/application (40.8ms)
Completed 200 OK in 90ms (Views: 85.7ms | ActiveRecord: 0.0ms)


Started GET "/numbers" for 127.0.0.1 at 2019-01-15 10:40:31 +1100
Processing by PagesController#numbers as HTML
  Rendering pages/numbers.html.erb within layouts/application
  Rendered pages/numbers.html.erb within layouts/application (4.6ms)
Completed 200 OK in 70ms (Views: 65.2ms | ActiveRecord: 0.0ms)


Started GET "/text" for 127.0.0.1 at 2019-01-15 10:41:49 +1100
Processing by PagesController#text as HTML
  Rendering pages/text.html.erb within layouts/application
  Rendered pages/text.html.erb within layouts/application (0.6ms)
Completed 200 OK in 33ms (Views: 28.9ms | ActiveRecord: 0.0ms)


Started GET "/text" for 127.0.0.1 at 2019-01-15 10:44:35 +1100
Processing by PagesController#text as HTML
  Rendering pages/text.html.erb within layouts/application
  Rendered pages/text.html.erb within layouts/application (1.0ms)
Completed 200 OK in 58ms (Views: 52.2ms | ActiveRecord: 0.0ms)


Started GET "/text" for 127.0.0.1 at 2019-01-15 10:47:18 +1100
Processing by PagesController#text as HTML
  Rendering pages/text.html.erb within layouts/application
  Rendered pages/text.html.erb within layouts/application (2.4ms)
Completed 500 Internal Server Error in 18ms (ActiveRecord: 0.0ms)


  
SyntaxError (/Users/jingdong/Projects/wdi30-ruby/view_helpers/app/views/pages/text.html.erb:6: syntax error, unexpected keyword_end
...eze;@output_buffer.append=( end );@output_buffer.safe_append...
...                            ^~~
/Users/jingdong/Projects/wdi30-ruby/view_helpers/app/views/pages/text.html.erb:10: syntax error, unexpected keyword_ensure, expecting ')'
          ensure
          ^~~~~~
/Users/jingdong/Projects/wdi30-ruby/view_helpers/app/views/pages/text.html.erb:12: syntax error, unexpected keyword_end, expecting ')'
          end
          ^~~):
  
app/views/pages/text.html.erb:6: syntax error, unexpected keyword_end
app/views/pages/text.html.erb:10: syntax error, unexpected keyword_ensure, expecting ')'
app/views/pages/text.html.erb:12: syntax error, unexpected keyword_end, expecting ')'
Started GET "/text" for 127.0.0.1 at 2019-01-15 10:50:34 +1100
Processing by PagesController#text as HTML
  Rendering pages/text.html.erb within layouts/application
  Rendered pages/text.html.erb within layouts/application (2.1ms)
Completed 500 Internal Server Error in 20ms (ActiveRecord: 0.0ms)


  
SyntaxError (/Users/jingdong/Projects/wdi30-ruby/view_helpers/app/views/pages/text.html.erb:6: syntax error, unexpected keyword_end
...eze;@output_buffer.append=( end );@output_buffer.safe_append...
...                            ^~~
/Users/jingdong/Projects/wdi30-ruby/view_helpers/app/views/pages/text.html.erb:14: syntax error, unexpected keyword_ensure, expecting ')'
          ensure
          ^~~~~~
/Users/jingdong/Projects/wdi30-ruby/view_helpers/app/views/pages/text.html.erb:16: syntax error, unexpected keyword_end, expecting ')'
          end
          ^~~):
  
app/views/pages/text.html.erb:6: syntax error, unexpected keyword_end
app/views/pages/text.html.erb:14: syntax error, unexpected keyword_ensure, expecting ')'
app/views/pages/text.html.erb:16: syntax error, unexpected keyword_end, expecting ')'
Started GET "/text" for 127.0.0.1 at 2019-01-15 10:52:01 +1100
Processing by PagesController#text as HTML
  Rendering pages/text.html.erb within layouts/application
  Rendered pages/text.html.erb within layouts/application (1.3ms)
Completed 500 Internal Server Error in 15ms (ActiveRecord: 0.0ms)


  
SyntaxError (/Users/jingdong/Projects/wdi30-ruby/view_helpers/app/views/pages/text.html.erb:6: syntax error, unexpected keyword_end
...eze;@output_buffer.append=( end );@output_buffer.safe_append...
...                            ^~~
/Users/jingdong/Projects/wdi30-ruby/view_helpers/app/views/pages/text.html.erb:17: syntax error, unexpected keyword_ensure, expecting ')'
          ensure
          ^~~~~~
/Users/jingdong/Projects/wdi30-ruby/view_helpers/app/views/pages/text.html.erb:19: syntax error, unexpected keyword_end, expecting ')'
          end
          ^~~):
  
app/views/pages/text.html.erb:6: syntax error, unexpected keyword_end
app/views/pages/text.html.erb:17: syntax error, unexpected keyword_ensure, expecting ')'
app/views/pages/text.html.erb:19: syntax error, unexpected keyword_end, expecting ')'
Started GET "/text" for 127.0.0.1 at 2019-01-15 10:53:57 +1100
Processing by PagesController#text as HTML
  Rendering pages/text.html.erb within layouts/application
  Rendered pages/text.html.erb within layouts/application (0.8ms)
Completed 500 Internal Server Error in 13ms (ActiveRecord: 0.0ms)


  
SyntaxError (/Users/jingdong/Projects/wdi30-ruby/view_helpers/app/views/pages/text.html.erb:6: syntax error, unexpected keyword_end
...eze;@output_buffer.append=( end );@output_buffer.safe_append...
...                            ^~~
/Users/jingdong/Projects/wdi30-ruby/view_helpers/app/views/pages/text.html.erb:17: syntax error, unexpected keyword_ensure, expecting ')'
          ensure
          ^~~~~~
/Users/jingdong/Projects/wdi30-ruby/view_helpers/app/views/pages/text.html.erb:19: syntax error, unexpected keyword_end, expecting ')'
          end
          ^~~):
  
app/views/pages/text.html.erb:6: syntax error, unexpected keyword_end
app/views/pages/text.html.erb:17: syntax error, unexpected keyword_ensure, expecting ')'
app/views/pages/text.html.erb:19: syntax error, unexpected keyword_end, expecting ')'
Started GET "/text" for 127.0.0.1 at 2019-01-15 11:06:02 +1100
Processing by PagesController#text as HTML
  Rendering pages/text.html.erb within layouts/application
  Rendered pages/text.html.erb within layouts/application (5.6ms)
Completed 500 Internal Server Error in 45ms (ActiveRecord: 0.0ms)


  
SyntaxError (/Users/jingdong/Projects/wdi30-ruby/view_helpers/app/views/pages/text.html.erb:6: syntax error, unexpected keyword_end
...eze;@output_buffer.append=( end );@output_buffer.safe_append...
...                            ^~~
/Users/jingdong/Projects/wdi30-ruby/view_helpers/app/views/pages/text.html.erb:17: syntax error, unexpected keyword_ensure, expecting ')'
          ensure
          ^~~~~~
/Users/jingdong/Projects/wdi30-ruby/view_helpers/app/views/pages/text.html.erb:19: syntax error, unexpected keyword_end, expecting ')'
          end
          ^~~):
  
app/views/pages/text.html.erb:6: syntax error, unexpected keyword_end
app/views/pages/text.html.erb:17: syntax error, unexpected keyword_ensure, expecting ')'
app/views/pages/text.html.erb:19: syntax error, unexpected keyword_end, expecting ')'
Started GET "/text" for 127.0.0.1 at 2019-01-15 11:07:37 +1100
Processing by PagesController#text as HTML
  Rendering pages/text.html.erb within layouts/application
  Rendered pages/text.html.erb within layouts/application (1.4ms)
Completed 500 Internal Server Error in 17ms (ActiveRecord: 0.0ms)


  
SyntaxError (/Users/jingdong/Projects/wdi30-ruby/view_helpers/app/views/pages/text.html.erb:6: syntax error, unexpected keyword_end
...eze;@output_buffer.append=( end );@output_buffer.safe_append...
...                            ^~~
/Users/jingdong/Projects/wdi30-ruby/view_helpers/app/views/pages/text.html.erb:17: syntax error, unexpected keyword_ensure, expecting ')'
          ensure
          ^~~~~~
/Users/jingdong/Projects/wdi30-ruby/view_helpers/app/views/pages/text.html.erb:19: syntax error, unexpected keyword_end, expecting ')'
          end
          ^~~):
  
app/views/pages/text.html.erb:6: syntax error, unexpected keyword_end
app/views/pages/text.html.erb:17: syntax error, unexpected keyword_ensure, expecting ')'
app/views/pages/text.html.erb:19: syntax error, unexpected keyword_end, expecting ')'
Started GET "/text" for 127.0.0.1 at 2019-01-15 11:08:37 +1100
Processing by PagesController#text as HTML
  Rendering pages/text.html.erb within layouts/application
  Rendered pages/text.html.erb within layouts/application (1.7ms)
Completed 200 OK in 57ms (Views: 53.4ms | ActiveRecord: 0.0ms)


Started GET "/text" for 127.0.0.1 at 2019-01-15 11:14:06 +1100
Processing by PagesController#text as HTML
  Rendering pages/text.html.erb within layouts/application
  Rendered pages/text.html.erb within layouts/application (1.0ms)
Completed 200 OK in 47ms (Views: 42.8ms | ActiveRecord: 0.0ms)


Started GET "/text" for 127.0.0.1 at 2019-01-15 11:18:39 +1100
Processing by PagesController#text as HTML
  Rendering pages/text.html.erb within layouts/application
  Rendered pages/text.html.erb within layouts/application (3.5ms)
Completed 200 OK in 68ms (Views: 61.5ms | ActiveRecord: 0.0ms)


Started GET "/text" for 127.0.0.1 at 2019-01-15 11:21:32 +1100
Processing by PagesController#text as HTML
  Rendering pages/text.html.erb within layouts/application
  Rendered pages/text.html.erb within layouts/application (6.5ms)
Completed 200 OK in 96ms (Views: 86.4ms | ActiveRecord: 0.0ms)


Started GET "/asset" for 127.0.0.1 at 2019-01-15 11:21:37 +1100
  
ActionController::RoutingError (No route matches [GET] "/asset"):
  
actionpack (5.2.2) lib/action_dispatch/middleware/debug_exceptions.rb:65:in `call'
web-console (3.7.0) lib/web_console/middleware.rb:135:in `call_app'
web-console (3.7.0) lib/web_console/middleware.rb:30:in `block in call'
web-console (3.7.0) lib/web_console/middleware.rb:20:in `catch'
web-console (3.7.0) lib/web_console/middleware.rb:20:in `call'
actionpack (5.2.2) lib/action_dispatch/middleware/show_exceptions.rb:33:in `call'
railties (5.2.2) lib/rails/rack/logger.rb:38:in `call_app'
railties (5.2.2) lib/rails/rack/logger.rb:26:in `block in call'
activesupport (5.2.2) lib/active_support/tagged_logging.rb:71:in `block in tagged'
activesupport (5.2.2) lib/active_support/tagged_logging.rb:28:in `tagged'
activesupport (5.2.2) lib/active_support/tagged_logging.rb:71:in `tagged'
railties (5.2.2) lib/rails/rack/logger.rb:26:in `call'
sprockets-rails (3.2.1) lib/sprockets/rails/quiet_assets.rb:13:in `call'
actionpack (5.2.2) lib/action_dispatch/middleware/remote_ip.rb:81:in `call'
actionpack (5.2.2) lib/action_dispatch/middleware/request_id.rb:27:in `call'
rack (2.0.6) lib/rack/method_override.rb:22:in `call'
rack (2.0.6) lib/rack/runtime.rb:22:in `call'
activesupport (5.2.2) lib/active_support/cache/strategy/local_cache_middleware.rb:29:in `call'
actionpack (5.2.2) lib/action_dispatch/middleware/executor.rb:14:in `call'
actionpack (5.2.2) lib/action_dispatch/middleware/static.rb:127:in `call'
rack (2.0.6) lib/rack/sendfile.rb:111:in `call'
railties (5.2.2) lib/rails/engine.rb:524:in `call'
puma (3.12.0) lib/puma/configuration.rb:225:in `call'
puma (3.12.0) lib/puma/server.rb:658:in `handle_request'
puma (3.12.0) lib/puma/server.rb:472:in `process_client'
puma (3.12.0) lib/puma/server.rb:332:in `block in run'
puma (3.12.0) lib/puma/thread_pool.rb:133:in `block in spawn_thread'
Started GET "/url" for 127.0.0.1 at 2019-01-15 11:28:51 +1100
Processing by PagesController#url as HTML
  Rendering pages/url.html.erb within layouts/application
  Rendered pages/url.html.erb within layouts/application (2.1ms)
Completed 200 OK in 64ms (Views: 56.7ms | ActiveRecord: 0.0ms)


Started GET "/url" for 127.0.0.1 at 2019-01-15 11:30:42 +1100
Processing by PagesController#url as HTML
  Rendering pages/url.html.erb within layouts/application
  Rendered pages/url.html.erb within layouts/application (1.6ms)
Completed 200 OK in 56ms (Views: 51.7ms | ActiveRecord: 0.0ms)


Started GET "/number" for 127.0.0.1 at 2019-01-15 11:32:59 +1100
  
ActionController::RoutingError (No route matches [GET] "/number"):
  
actionpack (5.2.2) lib/action_dispatch/middleware/debug_exceptions.rb:65:in `call'
web-console (3.7.0) lib/web_console/middleware.rb:135:in `call_app'
web-console (3.7.0) lib/web_console/middleware.rb:30:in `block in call'
web-console (3.7.0) lib/web_console/middleware.rb:20:in `catch'
web-console (3.7.0) lib/web_console/middleware.rb:20:in `call'
actionpack (5.2.2) lib/action_dispatch/middleware/show_exceptions.rb:33:in `call'
railties (5.2.2) lib/rails/rack/logger.rb:38:in `call_app'
railties (5.2.2) lib/rails/rack/logger.rb:26:in `block in call'
activesupport (5.2.2) lib/active_support/tagged_logging.rb:71:in `block in tagged'
activesupport (5.2.2) lib/active_support/tagged_logging.rb:28:in `tagged'
activesupport (5.2.2) lib/active_support/tagged_logging.rb:71:in `tagged'
railties (5.2.2) lib/rails/rack/logger.rb:26:in `call'
sprockets-rails (3.2.1) lib/sprockets/rails/quiet_assets.rb:13:in `call'
actionpack (5.2.2) lib/action_dispatch/middleware/remote_ip.rb:81:in `call'
actionpack (5.2.2) lib/action_dispatch/middleware/request_id.rb:27:in `call'
rack (2.0.6) lib/rack/method_override.rb:22:in `call'
rack (2.0.6) lib/rack/runtime.rb:22:in `call'
activesupport (5.2.2) lib/active_support/cache/strategy/local_cache_middleware.rb:29:in `call'
actionpack (5.2.2) lib/action_dispatch/middleware/executor.rb:14:in `call'
actionpack (5.2.2) lib/action_dispatch/middleware/static.rb:127:in `call'
rack (2.0.6) lib/rack/sendfile.rb:111:in `call'
railties (5.2.2) lib/rails/engine.rb:524:in `call'
puma (3.12.0) lib/puma/configuration.rb:225:in `call'
puma (3.12.0) lib/puma/server.rb:658:in `handle_request'
puma (3.12.0) lib/puma/server.rb:472:in `process_client'
puma (3.12.0) lib/puma/server.rb:332:in `block in run'
puma (3.12.0) lib/puma/thread_pool.rb:133:in `block in spawn_thread'
Started GET "/url" for 127.0.0.1 at 2019-01-15 11:33:01 +1100
Processing by PagesController#url as HTML
  Rendering pages/url.html.erb within layouts/application
  Rendered pages/url.html.erb within layouts/application (2.6ms)
Completed 200 OK in 82ms (Views: 72.6ms | ActiveRecord: 0.0ms)


Started GET "/numbers" for 127.0.0.1 at 2019-01-15 11:33:03 +1100
Processing by PagesController#numbers as HTML
  Rendering pages/numbers.html.erb within layouts/application
  Rendered pages/numbers.html.erb within layouts/application (7.7ms)
Completed 200 OK in 53ms (Views: 44.7ms | ActiveRecord: 0.0ms)


Started GET "/numbers" for 127.0.0.1 at 2019-01-15 11:33:06 +1100
Processing by PagesController#numbers as HTML
  Rendering pages/numbers.html.erb within layouts/application
  Rendered pages/numbers.html.erb within layouts/application (4.2ms)
Completed 200 OK in 81ms (Views: 71.8ms | ActiveRecord: 0.0ms)


Started GET "/url" for 127.0.0.1 at 2019-01-15 11:33:46 +1100
Processing by PagesController#url as HTML
  Rendering pages/url.html.erb within layouts/application
  Rendered pages/url.html.erb within layouts/application (0.7ms)
Completed 200 OK in 25ms (Views: 21.6ms | ActiveRecord: 0.0ms)


Started GET "/numbers" for 127.0.0.1 at 2019-01-15 11:33:48 +1100
Processing by PagesController#numbers as HTML
  Rendering pages/numbers.html.erb within layouts/application
  Rendered pages/numbers.html.erb within layouts/application (2.6ms)
Completed 200 OK in 53ms (Views: 47.7ms | ActiveRecord: 0.0ms)


Started GET "/numbers" for 127.0.0.1 at 2019-01-15 11:33:50 +1100
Processing by PagesController#numbers as HTML
  Rendering pages/numbers.html.erb within layouts/application
  Rendered pages/numbers.html.erb within layouts/application (2.9ms)
Completed 200 OK in 50ms (Views: 42.5ms | ActiveRecord: 0.0ms)


Started GET "/number" for 127.0.0.1 at 2019-01-15 11:33:52 +1100
  
ActionController::RoutingError (No route matches [GET] "/number"):
  
actionpack (5.2.2) lib/action_dispatch/middleware/debug_exceptions.rb:65:in `call'
web-console (3.7.0) lib/web_console/middleware.rb:135:in `call_app'
web-console (3.7.0) lib/web_console/middleware.rb:30:in `block in call'
web-console (3.7.0) lib/web_console/middleware.rb:20:in `catch'
web-console (3.7.0) lib/web_console/middleware.rb:20:in `call'
actionpack (5.2.2) lib/action_dispatch/middleware/show_exceptions.rb:33:in `call'
railties (5.2.2) lib/rails/rack/logger.rb:38:in `call_app'
railties (5.2.2) lib/rails/rack/logger.rb:26:in `block in call'
activesupport (5.2.2) lib/active_support/tagged_logging.rb:71:in `block in tagged'
activesupport (5.2.2) lib/active_support/tagged_logging.rb:28:in `tagged'
activesupport (5.2.2) lib/active_support/tagged_logging.rb:71:in `tagged'
railties (5.2.2) lib/rails/rack/logger.rb:26:in `call'
sprockets-rails (3.2.1) lib/sprockets/rails/quiet_assets.rb:13:in `call'
actionpack (5.2.2) lib/action_dispatch/middleware/remote_ip.rb:81:in `call'
actionpack (5.2.2) lib/action_dispatch/middleware/request_id.rb:27:in `call'
rack (2.0.6) lib/rack/method_override.rb:22:in `call'
rack (2.0.6) lib/rack/runtime.rb:22:in `call'
activesupport (5.2.2) lib/active_support/cache/strategy/local_cache_middleware.rb:29:in `call'
actionpack (5.2.2) lib/action_dispatch/middleware/executor.rb:14:in `call'
actionpack (5.2.2) lib/action_dispatch/middleware/static.rb:127:in `call'
rack (2.0.6) lib/rack/sendfile.rb:111:in `call'
railties (5.2.2) lib/rails/engine.rb:524:in `call'
puma (3.12.0) lib/puma/configuration.rb:225:in `call'
puma (3.12.0) lib/puma/server.rb:658:in `handle_request'
puma (3.12.0) lib/puma/server.rb:472:in `process_client'
puma (3.12.0) lib/puma/server.rb:332:in `block in run'
puma (3.12.0) lib/puma/thread_pool.rb:133:in `block in spawn_thread'
Started GET "/url" for 127.0.0.1 at 2019-01-15 11:33:54 +1100
Processing by PagesController#url as HTML
  Rendering pages/url.html.erb within layouts/application
  Rendered pages/url.html.erb within layouts/application (1.0ms)
Completed 200 OK in 46ms (Views: 40.1ms | ActiveRecord: 0.0ms)


Started GET "/url" for 127.0.0.1 at 2019-01-15 11:34:09 +1100
Processing by PagesController#url as HTML
  Rendering pages/url.html.erb within layouts/application
  Rendered pages/url.html.erb within layouts/application (0.9ms)
Completed 200 OK in 43ms (Views: 38.8ms | ActiveRecord: 0.0ms)


Started GET "/numbers" for 127.0.0.1 at 2019-01-15 11:34:10 +1100
Processing by PagesController#numbers as HTML
  Rendering pages/numbers.html.erb within layouts/application
  Rendered pages/numbers.html.erb within layouts/application (2.3ms)
Completed 200 OK in 49ms (Views: 38.4ms | ActiveRecord: 0.0ms)


Started GET "/url" for 127.0.0.1 at 2019-01-15 11:34:30 +1100
Processing by PagesController#url as HTML
  Rendering pages/url.html.erb within layouts/application
  Rendered pages/url.html.erb within layouts/application (0.6ms)
Completed 200 OK in 29ms (Views: 25.4ms | ActiveRecord: 0.0ms)


Started GET "/numbers" for 127.0.0.1 at 2019-01-15 11:34:31 +1100
  
ActionController::RoutingError (No route matches [GET] "/numbers"):
  
actionpack (5.2.2) lib/action_dispatch/middleware/debug_exceptions.rb:65:in `call'
web-console (3.7.0) lib/web_console/middleware.rb:135:in `call_app'
web-console (3.7.0) lib/web_console/middleware.rb:30:in `block in call'
web-console (3.7.0) lib/web_console/middleware.rb:20:in `catch'
web-console (3.7.0) lib/web_console/middleware.rb:20:in `call'
actionpack (5.2.2) lib/action_dispatch/middleware/show_exceptions.rb:33:in `call'
railties (5.2.2) lib/rails/rack/logger.rb:38:in `call_app'
railties (5.2.2) lib/rails/rack/logger.rb:26:in `block in call'
activesupport (5.2.2) lib/active_support/tagged_logging.rb:71:in `block in tagged'
activesupport (5.2.2) lib/active_support/tagged_logging.rb:28:in `tagged'
activesupport (5.2.2) lib/active_support/tagged_logging.rb:71:in `tagged'
railties (5.2.2) lib/rails/rack/logger.rb:26:in `call'
sprockets-rails (3.2.1) lib/sprockets/rails/quiet_assets.rb:13:in `call'
actionpack (5.2.2) lib/action_dispatch/middleware/remote_ip.rb:81:in `call'
actionpack (5.2.2) lib/action_dispatch/middleware/request_id.rb:27:in `call'
rack (2.0.6) lib/rack/method_override.rb:22:in `call'
rack (2.0.6) lib/rack/runtime.rb:22:in `call'
activesupport (5.2.2) lib/active_support/cache/strategy/local_cache_middleware.rb:29:in `call'
actionpack (5.2.2) lib/action_dispatch/middleware/executor.rb:14:in `call'
actionpack (5.2.2) lib/action_dispatch/middleware/static.rb:127:in `call'
rack (2.0.6) lib/rack/sendfile.rb:111:in `call'
railties (5.2.2) lib/rails/engine.rb:524:in `call'
puma (3.12.0) lib/puma/configuration.rb:225:in `call'
puma (3.12.0) lib/puma/server.rb:658:in `handle_request'
puma (3.12.0) lib/puma/server.rb:472:in `process_client'
puma (3.12.0) lib/puma/server.rb:332:in `block in run'
puma (3.12.0) lib/puma/thread_pool.rb:133:in `block in spawn_thread'
Started GET "/url" for 127.0.0.1 at 2019-01-15 11:34:33 +1100
Processing by PagesController#url as HTML
  Rendering pages/url.html.erb within layouts/application
  Rendered pages/url.html.erb within layouts/application (1.1ms)
Completed 200 OK in 39ms (Views: 32.9ms | ActiveRecord: 0.0ms)


Started GET "/numb3rs" for 127.0.0.1 at 2019-01-15 11:34:34 +1100
Processing by PagesController#numbers as HTML
  Rendering pages/numbers.html.erb within layouts/application
  Rendered pages/numbers.html.erb within layouts/application (3.4ms)
Completed 200 OK in 58ms (Views: 48.8ms | ActiveRecord: 0.0ms)


Started GET "/url" for 127.0.0.1 at 2019-01-15 11:38:06 +1100
Processing by PagesController#url as HTML
  Rendering pages/url.html.erb within layouts/application
  Rendered pages/url.html.erb within layouts/application (7.1ms)
Completed 200 OK in 82ms (Views: 67.9ms | ActiveRecord: 0.0ms)


Started GET "/application" for 127.0.0.1 at 2019-01-15 11:38:16 +1100
  
ActionController::RoutingError (No route matches [GET] "/application"):
  
actionpack (5.2.2) lib/action_dispatch/middleware/debug_exceptions.rb:65:in `call'
web-console (3.7.0) lib/web_console/middleware.rb:135:in `call_app'
web-console (3.7.0) lib/web_console/middleware.rb:30:in `block in call'
web-console (3.7.0) lib/web_console/middleware.rb:20:in `catch'
web-console (3.7.0) lib/web_console/middleware.rb:20:in `call'
actionpack (5.2.2) lib/action_dispatch/middleware/show_exceptions.rb:33:in `call'
railties (5.2.2) lib/rails/rack/logger.rb:38:in `call_app'
railties (5.2.2) lib/rails/rack/logger.rb:26:in `block in call'
activesupport (5.2.2) lib/active_support/tagged_logging.rb:71:in `block in tagged'
activesupport (5.2.2) lib/active_support/tagged_logging.rb:28:in `tagged'
activesupport (5.2.2) lib/active_support/tagged_logging.rb:71:in `tagged'
railties (5.2.2) lib/rails/rack/logger.rb:26:in `call'
sprockets-rails (3.2.1) lib/sprockets/rails/quiet_assets.rb:13:in `call'
actionpack (5.2.2) lib/action_dispatch/middleware/remote_ip.rb:81:in `call'
actionpack (5.2.2) lib/action_dispatch/middleware/request_id.rb:27:in `call'
rack (2.0.6) lib/rack/method_override.rb:22:in `call'
rack (2.0.6) lib/rack/runtime.rb:22:in `call'
activesupport (5.2.2) lib/active_support/cache/strategy/local_cache_middleware.rb:29:in `call'
actionpack (5.2.2) lib/action_dispatch/middleware/executor.rb:14:in `call'
actionpack (5.2.2) lib/action_dispatch/middleware/static.rb:127:in `call'
rack (2.0.6) lib/rack/sendfile.rb:111:in `call'
railties (5.2.2) lib/rails/engine.rb:524:in `call'
puma (3.12.0) lib/puma/configuration.rb:225:in `call'
puma (3.12.0) lib/puma/server.rb:658:in `handle_request'
puma (3.12.0) lib/puma/server.rb:472:in `process_client'
puma (3.12.0) lib/puma/server.rb:332:in `block in run'
puma (3.12.0) lib/puma/thread_pool.rb:133:in `block in spawn_thread'
Started GET "/" for 127.0.0.1 at 2019-01-15 11:38:21 +1100
Processing by PagesController#home as HTML
  Rendering pages/home.html.erb within layouts/application
  Rendered pages/home.html.erb within layouts/application (0.5ms)
Completed 200 OK in 55ms (Views: 48.6ms | ActiveRecord: 0.0ms)


Started GET "/" for 127.0.0.1 at 2019-01-15 11:38:23 +1100
Processing by PagesController#home as HTML
  Rendering pages/home.html.erb within layouts/application
  Rendered pages/home.html.erb within layouts/application (0.6ms)
Completed 200 OK in 50ms (Views: 44.1ms | ActiveRecord: 0.0ms)


Started GET "/numb3rs" for 127.0.0.1 at 2019-01-15 11:38:25 +1100
Processing by PagesController#numbers as HTML
  Rendering pages/numbers.html.erb within layouts/application
  Rendered pages/numbers.html.erb within layouts/application (3.9ms)
Completed 200 OK in 67ms (Views: 55.8ms | ActiveRecord: 0.0ms)


Started GET "/text" for 127.0.0.1 at 2019-01-15 11:38:26 +1100
Processing by PagesController#text as HTML
  Rendering pages/text.html.erb within layouts/application
  Rendered pages/text.html.erb within layouts/application (3.2ms)
Completed 200 OK in 52ms (Views: 36.6ms | ActiveRecord: 0.0ms)


Started GET "/url" for 127.0.0.1 at 2019-01-15 11:38:28 +1100
Processing by PagesController#url as HTML
  Rendering pages/url.html.erb within layouts/application
  Rendered pages/url.html.erb within layouts/application (0.9ms)
Completed 200 OK in 44ms (Views: 39.8ms | ActiveRecord: 0.0ms)


